{"meta": {"format": 3, "version": "7.10.7", "timestamp": "2026-04-10T10:03:17.303442", "branch_coverage": false, "show_contexts": false}, "files": {"src/voice_assistant/__init__.py": {"executed_lines": [1, 7, 8, 11, 13], "summary": {"covered_lines": 4, "num_statements": 4, "percent_covered": 100.0, "percent_covered_display": "100", "missing_lines": 0, "excluded_lines": 0}, "missing_lines": [], "excluded_lines": [], "functions": {"": {"executed_lines": [1, 7, 8, 11, 13], "summary": {"covered_lines": 4, "num_statements": 4, "percent_covered": 100.0, "percent_covered_display": "100", "missing_lines": 0, "excluded_lines": 0}, "missing_lines": [], "excluded_lines": []}}, "classes": {"": {"executed_lines": [1, 7, 8, 11, 13], "summary": {"covered_lines": 4, "num_statements": 4, "percent_covered": 100.0, "percent_covered_display": "100", "missing_lines": 0, "excluded_lines": 0}, "missing_lines": [], "excluded_lines": []}}}, "src/voice_assistant/audio/__init__.py": {"executed_lines": [1, 3, 4, 5, 6, 8], "summary": {"covered_lines": 5, "num_statements": 5, "percent_covered": 100.0, "percent_covered_display": "100", "missing_lines": 0, "excluded_lines": 0}, "missing_lines": [], "excluded_lines": [], "functions": {"": {"executed_lines": [1, 3, 4, 5, 6, 8], "summary": {"covered_lines": 5, "num_statements": 5, "percent_covered": 100.0, "percent_covered_display": "100", "missing_lines": 0, "excluded_lines": 0}, "missing_lines": [], "excluded_lines": []}}, "classes": {"": {"executed_lines": [1, 3, 4, 5, 6, 8], "summary": {"covered_lines": 5, "num_statements": 5, "percent_covered": 100.0, "percent_covered_display": "100", "missing_lines": 0, "excluded_lines": 0}, "missing_lines": [], "excluded_lines": []}}}, "src/voice_assistant/audio/cloud_asr.py": {"executed_lines": [1, 5, 6, 7, 8, 9, 10, 12, 13, 14, 15, 16, 18, 21, 22, 24, 25, 26, 27, 28, 29, 31, 41, 42, 44, 45, 51, 52, 53, 65, 74, 76, 77, 79, 80, 82, 88, 89, 93, 94, 96, 98, 99, 100, 101, 102, 103, 104, 106, 107, 110, 111, 114, 115, 117, 119, 122, 124, 126, 127, 128, 134, 144, 145, 148, 150, 151, 154, 156, 157, 158, 160, 168, 169, 170, 172, 177, 178, 181, 182, 185, 186, 189, 201, 204, 205, 206, 207, 210, 213, 214, 215, 218, 221, 224, 230], "summary": {"covered_lines": 93, "num_statements": 148, "percent_covered": 62.83783783783784, "percent_covered_display": "63", "missing_lines": 55, "excluded_lines": 0}, "missing_lines": [55, 56, 58, 59, 60, 61, 62, 63, 84, 85, 86, 90, 130, 132, 162, 163, 164, 165, 166, 173, 174, 175, 216, 219, 222, 226, 227, 228, 244, 246, 247, 250, 253, 255, 256, 257, 258, 259, 261, 262, 263, 264, 265, 266, 268, 269, 270, 272, 273, 275, 276, 277, 278, 280, 281], "excluded_lines": [], "functions": {"HotwordsManager.__init__": {"executed_lines": [25, 26, 27, 28, 29], "summary": {"covered_lines": 5, "num_statements": 5, "percent_covered": 100.0, "percent_covered_display": "100", "missing_lines": 0, "excluded_lines": 0}, "missing_lines": [], "excluded_lines": []}, "HotwordsManager.create_vocabulary": {"executed_lines": [41, 42, 44, 45, 51, 52, 53], "summary": {"covered_lines": 7, "num_statements": 15, "percent_covered": 46.666666666666664, "percent_covered_display": "47", "missing_lines": 8, "excluded_lines": 0}, "missing_lines": [55, 56, 58, 59, 60, 61, 62, 63], "excluded_lines": []}, "HotwordsManager.load_hotwords_from_file": {"executed_lines": [74, 76, 77, 79, 80, 82], "summary": {"covered_lines": 6, "num_statements": 9, "percent_covered": 66.66666666666667, "percent_covered_display": "67", "missing_lines": 3, "excluded_lines": 0}, "missing_lines": [84, 85, 86], "excluded_lines": []}, "HotwordsManager.vocabulary_id": {"executed_lines": [], "summary": {"covered_lines": 0, "num_statements": 1, "percent_covered": 0.0, "percent_covered_display": "0", "missing_lines": 1, "excluded_lines": 0}, "missing_lines": [90], "excluded_lines": []}, "CloudASR.__init__": {"executed_lines": [98, 99, 100, 101, 102, 103, 104, 106, 107, 110, 111, 114, 115], "summary": {"covered_lines": 13, "num_statements": 13, "percent_covered": 100.0, "percent_covered_display": "100", "missing_lines": 0, "excluded_lines": 0}, "missing_lines": [], "excluded_lines": []}, "CloudASR._init_hotwords": {"executed_lines": [119, 122, 124, 126, 127, 128], "summary": {"covered_lines": 6, "num_statements": 8, "percent_covered": 75.0, "percent_covered_display": "75", "missing_lines": 2, "excluded_lines": 0}, "missing_lines": [130, 132], "excluded_lines": []}, "CloudASR.recognize_from_file": {"executed_lines": [144, 145, 148, 150, 151, 154, 156, 157, 160, 168, 172, 177, 181, 182, 185, 186, 189, 201, 204, 205, 206, 207, 210, 213, 214, 215, 218, 221, 224], "summary": {"covered_lines": 29, "num_statements": 35, "percent_covered": 82.85714285714286, "percent_covered_display": "83", "missing_lines": 6, "excluded_lines": 0}, "missing_lines": [216, 219, 222, 226, 227, 228], "excluded_lines": []}, "CloudASR.recognize_from_file.ASRCallback.on_open": {"executed_lines": [158], "summary": {"covered_lines": 1, "num_statements": 1, "percent_covered": 100.0, "percent_covered_display": "100", "missing_lines": 0, "excluded_lines": 0}, "missing_lines": [], "excluded_lines": []}, "CloudASR.recognize_from_file.ASRCallback.on_event": {"executed_lines": [], "summary": {"covered_lines": 0, "num_statements": 5, "percent_covered": 0.0, "percent_covered_display": "0", "missing_lines": 5, "excluded_lines": 0}, "missing_lines": [162, 163, 164, 165, 166], "excluded_lines": []}, "CloudASR.recognize_from_file.ASRCallback.on_complete": {"executed_lines": [169, 170], "summary": {"covered_lines": 2, "num_statements": 2, "percent_covered": 100.0, "percent_covered_display": "100", "missing_lines": 0, "excluded_lines": 0}, "missing_lines": [], "excluded_lines": []}, "CloudASR.recognize_from_file.ASRCallback.on_error": {"executed_lines": [], "summary": {"covered_lines": 0, "num_statements": 3, "percent_covered": 0.0, "percent_covered_display": "0", "missing_lines": 3, "excluded_lines": 0}, "missing_lines": [173, 174, 175], "excluded_lines": []}, "CloudASR.recognize_from_file.ASRCallback.on_close": {"executed_lines": [178], "summary": {"covered_lines": 1, "num_statements": 1, "percent_covered": 100.0, "percent_covered_display": "100", "missing_lines": 0, "excluded_lines": 0}, "missing_lines": [], "excluded_lines": []}, "CloudASR.recognize_from_bytes": {"executed_lines": [], "summary": {"covered_lines": 0, "num_statements": 27, "percent_covered": 0.0, "percent_covered_display": "0", "missing_lines": 27, "excluded_lines": 0}, "missing_lines": [244, 246, 247, 250, 253, 255, 256, 257, 258, 259, 261, 262, 263, 264, 265, 266, 268, 269, 270, 272, 273, 275, 276, 277, 278, 280, 281], "excluded_lines": []}, "": {"executed_lines": [1, 5, 6, 7, 8, 9, 10, 12, 13, 14, 15, 16, 18, 21, 22, 24, 31, 65, 88, 89, 93, 94, 96, 117, 134, 230], "summary": {"covered_lines": 23, "num_statements": 23, "percent_covered": 100.0, "percent_covered_display": "100", "missing_lines": 0, "excluded_lines": 0}, "missing_lines": [], "excluded_lines": []}}, "classes": {"HotwordsManager": {"executed_lines": [25, 26, 27, 28, 29, 41, 42, 44, 45, 51, 52, 53, 74, 76, 77, 79, 80, 82], "summary": {"covered_lines": 18, "num_statements": 30, "percent_covered": 60.0, "percent_covered_display": "60", "missing_lines": 12, "excluded_lines": 0}, "missing_lines": [55, 56, 58, 59, 60, 61, 62, 63, 84, 85, 86, 90], "excluded_lines": []}, "CloudASR": {"executed_lines": [98, 99, 100, 101, 102, 103, 104, 106, 107, 110, 111, 114, 115, 119, 122, 124, 126, 127, 128, 144, 145, 148, 150, 151, 154, 156, 157, 160, 168, 172, 177, 181, 182, 185, 186, 189, 201, 204, 205, 206, 207, 210, 213, 214, 215, 218, 221, 224], "summary": {"covered_lines": 48, "num_statements": 83, "percent_covered": 57.83132530120482, "percent_covered_display": "58", "missing_lines": 35, "excluded_lines": 0}, "missing_lines": [130, 132, 216, 219, 222, 226, 227, 228, 244, 246, 247, 250, 253, 255, 256, 257, 258, 259, 261, 262, 263, 264, 265, 266, 268, 269, 270, 272, 273, 275, 276, 277, 278, 280, 281], "excluded_lines": []}, "CloudASR.recognize_from_file.ASRCallback": {"executed_lines": [158, 169, 170, 178], "summary": {"covered_lines": 4, "num_statements": 12, "percent_covered": 33.333333333333336, "percent_covered_display": "33", "missing_lines": 8, "excluded_lines": 0}, "missing_lines": [162, 163, 164, 165, 166, 173, 174, 175], "excluded_lines": []}, "": {"executed_lines": [1, 5, 6, 7, 8, 9, 10, 12, 13, 14, 15, 16, 18, 21, 22, 24, 31, 65, 88, 89, 93, 94, 96, 117, 134, 230], "summary": {"covered_lines": 23, "num_statements": 23, "percent_covered": 100.0, "percent_covered_display": "100", "missing_lines": 0, "excluded_lines": 0}, "missing_lines": [], "excluded_lines": []}}}, "src/voice_assistant/audio/player.py": {"executed_lines": [1, 5, 6, 7, 8, 11], "summary": {"covered_lines": 5, "num_statements": 21, "percent_covered": 23.80952380952381, "percent_covered_display": "24", "missing_lines": 16, "excluded_lines": 0}, "missing_lines": [13, 14, 15, 17, 18, 19, 20, 21, 22, 23, 24, 25, 27, 28, 29, 30], "excluded_lines": [], "functions": {"play_audio": {"executed_lines": [], "summary": {"covered_lines": 0, "num_statements": 16, "percent_covered": 0.0, "percent_covered_display": "0", "missing_lines": 16, "excluded_lines": 0}, "missing_lines": [13, 14, 15, 17, 18, 19, 20, 21, 22, 23, 24, 25, 27, 28, 29, 30], "excluded_lines": []}, "": {"executed_lines": [1, 5, 6, 7, 8, 11], "summary": {"covered_lines": 5, "num_statements": 5, "percent_covered": 100.0, "percent_covered_display": "100", "missing_lines": 0, "excluded_lines": 0}, "missing_lines": [], "excluded_lines": []}}, "classes": {"": {"executed_lines": [1, 5, 6, 7, 8, 11], "summary": {"covered_lines": 5, "num_statements": 21, "percent_covered": 23.80952380952381, "percent_covered_display": "24", "missing_lines": 16, "excluded_lines": 0}, "missing_lines": [13, 14, 15, 17, 18, 19, 20, 21, 22, 23, 24, 25, 27, 28, 29, 30], "excluded_lines": []}}}, "src/voice_assistant/audio/tts.py": {"executed_lines": [1, 5, 6, 7, 8, 9, 11, 14, 16, 17, 18, 19, 22, 24, 25, 26, 29, 39, 40, 41, 42], "summary": {"covered_lines": 20, "num_statements": 23, "percent_covered": 86.95652173913044, "percent_covered_display": "87", "missing_lines": 3, "excluded_lines": 0}, "missing_lines": [43, 44, 45], "excluded_lines": [], "functions": {"preprocess_text": {"executed_lines": [16, 17, 18, 19], "summary": {"covered_lines": 4, "num_statements": 4, "percent_covered": 100.0, "percent_covered_display": "100", "missing_lines": 0, "excluded_lines": 0}, "missing_lines": [], "excluded_lines": []}, "_synthesize_async": {"executed_lines": [24, 25, 26], "summary": {"covered_lines": 3, "num_statements": 3, "percent_covered": 100.0, "percent_covered_display": "100", "missing_lines": 0, "excluded_lines": 0}, "missing_lines": [], "excluded_lines": []}, "synthesize": {"executed_lines": [39, 40, 41, 42], "summary": {"covered_lines": 4, "num_statements": 7, "percent_covered": 57.142857142857146, "percent_covered_display": "57", "missing_lines": 3, "excluded_lines": 0}, "missing_lines": [43, 44, 45], "excluded_lines": []}, "": {"executed_lines": [1, 5, 6, 7, 8, 9, 11, 14, 22, 29], "summary": {"covered_lines": 9, "num_statements": 9, "percent_covered": 100.0, "percent_covered_display": "100", "missing_lines": 0, "excluded_lines": 0}, "missing_lines": [], "excluded_lines": []}}, "classes": {"": {"executed_lines": [1, 5, 6, 7, 8, 9, 11, 14, 16, 17, 18, 19, 22, 24, 25, 26, 29, 39, 40, 41, 42], "summary": {"covered_lines": 20, "num_statements": 23, "percent_covered": 86.95652173913044, "percent_covered_display": "87", "missing_lines": 3, "excluded_lines": 0}, "missing_lines": [43, 44, 45], "excluded_lines": []}}}, "src/voice_assistant/audio/vad.py": {"executed_lines": [1, 5, 6, 7, 8, 11, 18], "summary": {"covered_lines": 6, "num_statements": 63, "percent_covered": 9.523809523809524, "percent_covered_display": "10", "missing_lines": 57, "excluded_lines": 0}, "missing_lines": [13, 14, 15, 20, 21, 23, 24, 26, 27, 28, 29, 30, 32, 35, 36, 37, 39, 40, 41, 42, 44, 45, 47, 48, 50, 51, 52, 54, 55, 56, 57, 59, 66, 68, 69, 71, 72, 73, 74, 75, 77, 78, 79, 80, 81, 82, 84, 85, 87, 88, 89, 91, 92, 93, 95, 96, 98], "excluded_lines": [], "functions": {"calculate_rms": {"executed_lines": [], "summary": {"covered_lines": 0, "num_statements": 3, "percent_covered": 0.0, "percent_covered_display": "0", "missing_lines": 3, "excluded_lines": 0}, "missing_lines": [13, 14, 15], "excluded_lines": []}, "record_audio": {"executed_lines": [], "summary": {"covered_lines": 0, "num_statements": 36, "percent_covered": 0.0, "percent_covered_display": "0", "missing_lines": 36, "excluded_lines": 0}, "missing_lines": [20, 21, 23, 24, 26, 27, 28, 29, 30, 32, 59, 66, 68, 69, 71, 72, 73, 74, 75, 77, 78, 79, 80, 81, 82, 84, 85, 87, 88, 89, 91, 92, 93, 95, 96, 98], "excluded_lines": []}, "record_audio.callback": {"executed_lines": [], "summary": {"covered_lines": 0, "num_statements": 18, "percent_covered": 0.0, "percent_covered_display": "0", "missing_lines": 18, "excluded_lines": 0}, "missing_lines": [35, 36, 37, 39, 40, 41, 42, 44, 45, 47, 48, 50, 51, 52, 54, 55, 56, 57], "excluded_lines": []}, "": {"executed_lines": [1, 5, 6, 7, 8, 11, 18], "summary": {"covered_lines": 6, "num_statements": 6, "percent_covered": 100.0, "percent_covered_display": "100", "missing_lines": 0, "excluded_lines": 0}, "missing_lines": [], "excluded_lines": []}}, "classes": {"": {"executed_lines": [1, 5, 6, 7, 8, 11, 18], "summary": {"covered_lines": 6, "num_statements": 63, "percent_covered": 9.523809523809524, "percent_covered_display": "10", "missing_lines": 57, "excluded_lines": 0}, "missing_lines": [13, 14, 15, 20, 21, 23, 24, 26, 27, 28, 29, 30, 32, 35, 36, 37, 39, 40, 41, 42, 44, 45, 47, 48, 50, 51, 52, 54, 55, 56, 57, 59, 66, 68, 69, 71, 72, 73, 74, 75, 77, 78, 79, 80, 81, 82, 84, 85, 87, 88, 89, 91, 92, 93, 95, 96, 98], "excluded_lines": []}}}, "src/voice_assistant/config/__init__.py": {"executed_lines": [1, 5, 6, 7, 8, 9, 11, 12, 15, 17, 20, 21, 22, 23, 24, 25, 28, 29, 30, 31, 32, 33, 34, 35, 36, 37, 40, 41, 42, 43, 44, 45, 48, 49, 50, 51, 52, 53, 54, 55, 56, 57, 60, 61, 62, 63, 64, 67, 68, 69, 70, 71, 72, 73, 74, 77, 78, 79, 80, 81, 84, 85, 86, 87, 90, 91, 92, 93, 94, 97, 98, 99, 100, 101, 102, 103, 104, 105, 106, 107, 108, 111, 114, 115, 116, 117, 118, 123, 125, 126, 128, 129, 131, 184, 185, 191], "summary": {"covered_lines": 85, "num_statements": 89, "percent_covered": 95.50561797752809, "percent_covered_display": "96", "missing_lines": 4, "excluded_lines": 0}, "missing_lines": [120, 186, 187, 188], "excluded_lines": [], "functions": {"_find_project_root": {"executed_lines": [114, 115, 116, 117, 118], "summary": {"covered_lines": 5, "num_statements": 6, "percent_covered": 83.33333333333333, "percent_covered_display": "83", "missing_lines": 1, "excluded_lines": 0}, "missing_lines": [120], "excluded_lines": []}, "load_config": {"executed_lines": [125, 126, 128, 129, 131], "summary": {"covered_lines": 5, "num_statements": 5, "percent_covered": 100.0, "percent_covered_display": "100", "missing_lines": 0, "excluded_lines": 0}, "missing_lines": [], "excluded_lines": []}, "": {"executed_lines": [1, 5, 6, 7, 8, 9, 11, 12, 15, 17, 20, 21, 22, 23, 24, 25, 28, 29, 30, 31, 32, 33, 34, 35, 36, 37, 40, 41, 42, 43, 44, 45, 48, 49, 50, 51, 52, 53, 54, 55, 56, 57, 60, 61, 62, 63, 64, 67, 68, 69, 70, 71, 72, 73, 74, 77, 78, 79, 80, 81, 84, 85, 86, 87, 90, 91, 92, 93, 94, 97, 98, 99, 100, 101, 102, 103, 104, 105, 106, 107, 108, 111, 123, 184, 185, 191], "summary": {"covered_lines": 75, "num_statements": 78, "percent_covered": 96.15384615384616, "percent_covered_display": "96", "missing_lines": 3, "excluded_lines": 0}, "missing_lines": [186, 187, 188], "excluded_lines": []}}, "classes": {"HotwordsConfig": {"executed_lines": [], "summary": {"covered_lines": 0, "num_statements": 0, "percent_covered": 100.0, "percent_covered_display": "100", "missing_lines": 0, "excluded_lines": 0}, "missing_lines": [], "excluded_lines": []}, "ASRConfig": {"executed_lines": [], "summary": {"covered_lines": 0, "num_statements": 0, "percent_covered": 100.0, "percent_covered_display": "100", "missing_lines": 0, "excluded_lines": 0}, "missing_lines": [], "excluded_lines": []}, "LocalLLMConfig": {"executed_lines": [], "summary": {"covered_lines": 0, "num_statements": 0, "percent_covered": 100.0, "percent_covered_display": "100", "missing_lines": 0, "excluded_lines": 0}, "missing_lines": [], "excluded_lines": []}, "LLMConfig": {"executed_lines": [], "summary": {"covered_lines": 0, "num_statements": 0, "percent_covered": 100.0, "percent_covered_display": "100", "missing_lines": 0, "excluded_lines": 0}, "missing_lines": [], "excluded_lines": []}, "AudioConfig": {"executed_lines": [], "summary": {"covered_lines": 0, "num_statements": 0, "percent_covered": 100.0, "percent_covered_display": "100", "missing_lines": 0, "excluded_lines": 0}, "missing_lines": [], "excluded_lines": []}, "VADConfig": {"executed_lines": [], "summary": {"covered_lines": 0, "num_statements": 0, "percent_covered": 100.0, "percent_covered_display": "100", "missing_lines": 0, "excluded_lines": 0}, "missing_lines": [], "excluded_lines": []}, "InterpreterConfig": {"executed_lines": [], "summary": {"covered_lines": 0, "num_statements": 0, "percent_covered": 100.0, "percent_covered_display": "100", "missing_lines": 0, "excluded_lines": 0}, "missing_lines": [], "excluded_lines": []}, "HistoryConfig": {"executed_lines": [], "summary": {"covered_lines": 0, "num_statements": 0, "percent_covered": 100.0, "percent_covered_display": "100", "missing_lines": 0, "excluded_lines": 0}, "missing_lines": [], "excluded_lines": []}, "LoggingConfig": {"executed_lines": [], "summary": {"covered_lines": 0, "num_statements": 0, "percent_covered": 100.0, "percent_covered_display": "100", "missing_lines": 0, "excluded_lines": 0}, "missing_lines": [], "excluded_lines": []}, "AppConfig": {"executed_lines": [], "summary": {"covered_lines": 0, "num_statements": 0, "percent_covered": 100.0, "percent_covered_display": "100", "missing_lines": 0, "excluded_lines": 0}, "missing_lines": [], "excluded_lines": []}, "": {"executed_lines": [1, 5, 6, 7, 8, 9, 11, 12, 15, 17, 20, 21, 22, 23, 24, 25, 28, 29, 30, 31, 32, 33, 34, 35, 36, 37, 40, 41, 42, 43, 44, 45, 48, 49, 50, 51, 52, 53, 54, 55, 56, 57, 60, 61, 62, 63, 64, 67, 68, 69, 70, 71, 72, 73, 74, 77, 78, 79, 80, 81, 84, 85, 86, 87, 90, 91, 92, 93, 94, 97, 98, 99, 100, 101, 102, 103, 104, 105, 106, 107, 108, 111, 114, 115, 116, 117, 118, 123, 125, 126, 128, 129, 131, 184, 185, 191], "summary": {"covered_lines": 85, "num_statements": 89, "percent_covered": 95.50561797752809, "percent_covered_display": "96", "missing_lines": 4, "excluded_lines": 0}, "missing_lines": [120, 186, 187, 188], "excluded_lines": []}}}, "src/voice_assistant/core/__init__.py": {"executed_lines": [1, 3, 10, 11, 13], "summary": {"covered_lines": 4, "num_statements": 4, "percent_covered": 100.0, "percent_covered_display": "100", "missing_lines": 0, "excluded_lines": 0}, "missing_lines": [], "excluded_lines": [], "functions": {"": {"executed_lines": [1, 3, 10, 11, 13], "summary": {"covered_lines": 4, "num_statements": 4, "percent_covered": 100.0, "percent_covered_display": "100", "missing_lines": 0, "excluded_lines": 0}, "missing_lines": [], "excluded_lines": []}}, "classes": {"": {"executed_lines": [1, 3, 10, 11, 13], "summary": {"covered_lines": 4, "num_statements": 4, "percent_covered": 100.0, "percent_covered_display": "100", "missing_lines": 0, "excluded_lines": 0}, "missing_lines": [], "excluded_lines": []}}}, "src/voice_assistant/core/ai_client.py": {"executed_lines": [1, 6, 7, 8, 9, 10, 11, 13, 16, 19, 22, 48, 56, 79, 114], "summary": {"covered_lines": 14, "num_statements": 110, "percent_covered": 12.727272727272727, "percent_covered_display": "13", "missing_lines": 96, "excluded_lines": 0}, "missing_lines": [26, 27, 28, 30, 31, 32, 34, 35, 39, 41, 42, 43, 45, 51, 52, 53, 71, 73, 74, 76, 90, 91, 92, 93, 94, 95, 98, 99, 100, 101, 103, 105, 106, 107, 109, 110, 111, 128, 129, 132, 133, 134, 135, 136, 137, 140, 141, 142, 143, 144, 146, 148, 152, 153, 155, 157, 158, 160, 177, 178, 179, 181, 183, 184, 185, 187, 190, 191, 192, 193, 195, 197, 198, 200, 201, 202, 203, 205, 206, 208, 209, 210, 212, 214, 215, 216, 218, 219, 220, 222, 224, 225, 226, 227, 228, 229], "excluded_lines": [], "functions": {"get_local_llm_client": {"executed_lines": [], "summary": {"covered_lines": 0, "num_statements": 13, "percent_covered": 0.0, "percent_covered_display": "0", "missing_lines": 13, "excluded_lines": 0}, "missing_lines": [26, 27, 28, 30, 31, 32, 34, 35, 39, 41, 42, 43, 45], "excluded_lines": []}, "close_local_llm_client": {"executed_lines": [], "summary": {"covered_lines": 0, "num_statements": 3, "percent_covered": 0.0, "percent_covered_display": "0", "missing_lines": 3, "excluded_lines": 0}, "missing_lines": [51, 52, 53], "excluded_lines": []}, "ask_ai_stream": {"executed_lines": [], "summary": {"covered_lines": 0, "num_statements": 4, "percent_covered": 0.0, "percent_covered_display": "0", "missing_lines": 4, "excluded_lines": 0}, "missing_lines": [71, 73, 74, 76], "excluded_lines": []}, "ask_local_ai_stream": {"executed_lines": [], "summary": {"covered_lines": 0, "num_statements": 17, "percent_covered": 0.0, "percent_covered_display": "0", "missing_lines": 17, "excluded_lines": 0}, "missing_lines": [90, 91, 92, 93, 94, 95, 98, 99, 100, 101, 103, 105, 106, 107, 109, 110, 111], "excluded_lines": []}, "ask_online_ai_stream": {"executed_lines": [], "summary": {"covered_lines": 0, "num_statements": 59, "percent_covered": 0.0, "percent_covered_display": "0", "missing_lines": 59, "excluded_lines": 0}, "missing_lines": [128, 129, 132, 133, 134, 135, 136, 137, 140, 141, 142, 143, 144, 146, 148, 152, 153, 155, 157, 158, 160, 177, 178, 179, 181, 183, 184, 185, 187, 190, 191, 192, 193, 195, 197, 198, 200, 201, 202, 203, 205, 206, 208, 209, 210, 212, 214, 215, 216, 218, 219, 220, 222, 224, 225, 226, 227, 228, 229], "excluded_lines": []}, "": {"executed_lines": [1, 6, 7, 8, 9, 10, 11, 13, 16, 19, 22, 48, 56, 79, 114], "summary": {"covered_lines": 14, "num_statements": 14, "percent_covered": 100.0, "percent_covered_display": "100", "missing_lines": 0, "excluded_lines": 0}, "missing_lines": [], "excluded_lines": []}}, "classes": {"": {"executed_lines": [1, 6, 7, 8, 9, 10, 11, 13, 16, 19, 22, 48, 56, 79, 114], "summary": {"covered_lines": 14, "num_statements": 110, "percent_covered": 12.727272727272727, "percent_covered_display": "13", "missing_lines": 96, "excluded_lines": 0}, "missing_lines": [26, 27, 28, 30, 31, 32, 34, 35, 39, 41, 42, 43, 45, 51, 52, 53, 71, 73, 74, 76, 90, 91, 92, 93, 94, 95, 98, 99, 100, 101, 103, 105, 106, 107, 109, 110, 111, 128, 129, 132, 133, 134, 135, 136, 137, 140, 141, 142, 143, 144, 146, 148, 152, 153, 155, 157, 158, 160, 177, 178, 179, 181, 183, 184, 185, 187, 190, 191, 192, 193, 195, 197, 198, 200, 201, 202, 203, 205, 206, 208, 209, 210, 212, 214, 215, 216, 218, 219, 220, 222, 224, 225, 226, 227, 228, 229], "excluded_lines": []}}}, "src/voice_assistant/core/asr_corrector.py": {"executed_lines": [1, 5, 6, 7, 9, 11, 14, 32, 43, 44, 47, 50, 52, 53, 54, 55, 62, 72, 73, 74, 78, 83, 86, 96, 98, 100, 105, 106, 107, 108, 110, 112, 113, 128, 129, 130, 131], "summary": {"covered_lines": 36, "num_statements": 45, "percent_covered": 80.0, "percent_covered_display": "80", "missing_lines": 9, "excluded_lines": 0}, "missing_lines": [48, 56, 57, 58, 59, 133, 135, 136, 137], "excluded_lines": [], "functions": {"correct_asr_result": {"executed_lines": [43, 44, 47, 50, 52, 53, 54, 55], "summary": {"covered_lines": 8, "num_statements": 13, "percent_covered": 61.53846153846154, "percent_covered_display": "62", "missing_lines": 5, "excluded_lines": 0}, "missing_lines": [48, 56, 57, 58, 59], "excluded_lines": []}, "_needs_correction": {"executed_lines": [72, 73, 74, 78, 83], "summary": {"covered_lines": 5, "num_statements": 5, "percent_covered": 100.0, "percent_covered_display": "100", "missing_lines": 0, "excluded_lines": 0}, "missing_lines": [], "excluded_lines": []}, "_llm_correct": {"executed_lines": [96, 98, 100, 105, 106, 107, 108, 110, 112, 113, 128, 129, 130, 131], "summary": {"covered_lines": 14, "num_statements": 18, "percent_covered": 77.77777777777777, "percent_covered_display": "78", "missing_lines": 4, "excluded_lines": 0}, "missing_lines": [133, 135, 136, 137], "excluded_lines": []}, "": {"executed_lines": [1, 5, 6, 7, 9, 11, 14, 32, 62, 86], "summary": {"covered_lines": 9, "num_statements": 9, "percent_covered": 100.0, "percent_covered_display": "100", "missing_lines": 0, "excluded_lines": 0}, "missing_lines": [], "excluded_lines": []}}, "classes": {"": {"executed_lines": [1, 5, 6, 7, 9, 11, 14, 32, 43, 44, 47, 50, 52, 53, 54, 55, 62, 72, 73, 74, 78, 83, 86, 96, 98, 100, 105, 106, 107, 108, 110, 112, 113, 128, 129, 130, 131], "summary": {"covered_lines": 36, "num_statements": 45, "percent_covered": 80.0, "percent_covered_display": "80", "missing_lines": 9, "excluded_lines": 0}, "missing_lines": [48, 56, 57, 58, 59, 133, 135, 136, 137], "excluded_lines": []}}}, "src/voice_assistant/core/local_llm.py": {"executed_lines": [1, 5, 6, 7, 8, 10, 13, 14, 16, 17, 18, 21, 22, 23, 26, 27, 29, 53, 66, 78, 97, 118, 136, 139, 144, 145, 147, 159, 165, 188, 194, 197, 202], "summary": {"covered_lines": 29, "num_statements": 127, "percent_covered": 22.834645669291337, "percent_covered_display": "23", "missing_lines": 98, "excluded_lines": 0}, "missing_lines": [15, 39, 40, 42, 43, 44, 45, 48, 49, 51, 55, 57, 60, 61, 63, 64, 68, 69, 71, 75, 76, 87, 88, 90, 91, 92, 93, 94, 95, 106, 107, 109, 110, 111, 112, 113, 114, 115, 116, 120, 121, 122, 123, 124, 125, 127, 128, 129, 130, 131, 132, 134, 137, 140, 141, 154, 155, 156, 157, 161, 162, 163, 175, 176, 178, 179, 180, 181, 183, 184, 185, 186, 190, 191, 192, 195, 198, 199, 211, 213, 214, 216, 218, 219, 220, 222, 225, 233, 234, 235, 236, 237, 239, 240, 241, 242, 243, 244], "excluded_lines": [], "functions": {"LocalLLMEngine.__init__": {"executed_lines": [], "summary": {"covered_lines": 0, "num_statements": 9, "percent_covered": 0.0, "percent_covered_display": "0", "missing_lines": 9, "excluded_lines": 0}, "missing_lines": [39, 40, 42, 43, 44, 45, 48, 49, 51], "excluded_lines": []}, "LocalLLMEngine._init_engine": {"executed_lines": [], "summary": {"covered_lines": 0, "num_statements": 6, "percent_covered": 0.0, "percent_covered_display": "0", "missing_lines": 6, "excluded_lines": 0}, "missing_lines": [55, 57, 60, 61, 63, 64], "excluded_lines": []}, "LocalLLMEngine.create_conversation": {"executed_lines": [], "summary": {"covered_lines": 0, "num_statements": 5, "percent_covered": 0.0, "percent_covered_display": "0", "missing_lines": 5, "excluded_lines": 0}, "missing_lines": [68, 69, 71, 75, 76], "excluded_lines": []}, "LocalLLMEngine.send_message": {"executed_lines": [], "summary": {"covered_lines": 0, "num_statements": 8, "percent_covered": 0.0, "percent_covered_display": "0", "missing_lines": 8, "excluded_lines": 0}, "missing_lines": [87, 88, 90, 91, 92, 93, 94, 95], "excluded_lines": []}, "LocalLLMEngine.send_message_stream": {"executed_lines": [], "summary": {"covered_lines": 0, "num_statements": 10, "percent_covered": 0.0, "percent_covered_display": "0", "missing_lines": 10, "excluded_lines": 0}, "missing_lines": [106, 107, 109, 110, 111, 112, 113, 114, 115, 116], "excluded_lines": []}, "LocalLLMEngine.close": {"executed_lines": [], "summary": {"covered_lines": 0, "num_statements": 13, "percent_covered": 0.0, "percent_covered_display": "0", "missing_lines": 13, "excluded_lines": 0}, "missing_lines": [120, 121, 122, 123, 124, 125, 127, 128, 129, 130, 131, 132, 134], "excluded_lines": []}, "LocalLLMEngine.__enter__": {"executed_lines": [], "summary": {"covered_lines": 0, "num_statements": 1, "percent_covered": 0.0, "percent_covered_display": "0", "missing_lines": 1, "excluded_lines": 0}, "missing_lines": [137], "excluded_lines": []}, "LocalLLMEngine.__exit__": {"executed_lines": [], "summary": {"covered_lines": 0, "num_statements": 2, "percent_covered": 0.0, "percent_covered_display": "0", "missing_lines": 2, "excluded_lines": 0}, "missing_lines": [140, 141], "excluded_lines": []}, "LocalLLMClient.__init__": {"executed_lines": [], "summary": {"covered_lines": 0, "num_statements": 4, "percent_covered": 0.0, "percent_covered_display": "0", "missing_lines": 4, "excluded_lines": 0}, "missing_lines": [154, 155, 156, 157], "excluded_lines": []}, "LocalLLMClient._ensure_engine": {"executed_lines": [], "summary": {"covered_lines": 0, "num_statements": 3, "percent_covered": 0.0, "percent_covered_display": "0", "missing_lines": 3, "excluded_lines": 0}, "missing_lines": [161, 162, 163], "excluded_lines": []}, "LocalLLMClient.ask_stream": {"executed_lines": [], "summary": {"covered_lines": 0, "num_statements": 10, "percent_covered": 0.0, "percent_covered_display": "0", "missing_lines": 10, "excluded_lines": 0}, "missing_lines": [175, 176, 178, 179, 180, 181, 183, 184, 185, 186], "excluded_lines": []}, "LocalLLMClient.close": {"executed_lines": [], "summary": {"covered_lines": 0, "num_statements": 3, "percent_covered": 0.0, "percent_covered_display": "0", "missing_lines": 3, "excluded_lines": 0}, "missing_lines": [190, 191, 192], "excluded_lines": []}, "LocalLLMClient.__enter__": {"executed_lines": [], "summary": {"covered_lines": 0, "num_statements": 1, "percent_covered": 0.0, "percent_covered_display": "0", "missing_lines": 1, "excluded_lines": 0}, "missing_lines": [195], "excluded_lines": []}, "LocalLLMClient.__exit__": {"executed_lines": [], "summary": {"covered_lines": 0, "num_statements": 2, "percent_covered": 0.0, "percent_covered_display": "0", "missing_lines": 2, "excluded_lines": 0}, "missing_lines": [198, 199], "excluded_lines": []}, "download_gemma_model": {"executed_lines": [], "summary": {"covered_lines": 0, "num_statements": 20, "percent_covered": 0.0, "percent_covered_display": "0", "missing_lines": 20, "excluded_lines": 0}, "missing_lines": [211, 213, 214, 216, 218, 219, 220, 222, 225, 233, 234, 235, 236, 237, 239, 240, 241, 242, 243, 244], "excluded_lines": []}, "": {"executed_lines": [1, 5, 6, 7, 8, 10, 13, 14, 16, 17, 18, 21, 22, 23, 26, 27, 29, 53, 66, 78, 97, 118, 136, 139, 144, 145, 147, 159, 165, 188, 194, 197, 202], "summary": {"covered_lines": 29, "num_statements": 30, "percent_covered": 96.66666666666667, "percent_covered_display": "97", "missing_lines": 1, "excluded_lines": 0}, "missing_lines": [15], "excluded_lines": []}}, "classes": {"LocalLLMError": {"executed_lines": [], "summary": {"covered_lines": 0, "num_statements": 0, "percent_covered": 100.0, "percent_covered_display": "100", "missing_lines": 0, "excluded_lines": 0}, "missing_lines": [], "excluded_lines": []}, "LocalLLMEngine": {"executed_lines": [], "summary": {"covered_lines": 0, "num_statements": 54, "percent_covered": 0.0, "percent_covered_display": "0", "missing_lines": 54, "excluded_lines": 0}, "missing_lines": [39, 40, 42, 43, 44, 45, 48, 49, 51, 55, 57, 60, 61, 63, 64, 68, 69, 71, 75, 76, 87, 88, 90, 91, 92, 93, 94, 95, 106, 107, 109, 110, 111, 112, 113, 114, 115, 116, 120, 121, 122, 123, 124, 125, 127, 128, 129, 130, 131, 132, 134, 137, 140, 141], "excluded_lines": []}, "LocalLLMClient": {"executed_lines": [], "summary": {"covered_lines": 0, "num_statements": 23, "percent_covered": 0.0, "percent_covered_display": "0", "missing_lines": 23, "excluded_lines": 0}, "missing_lines": [154, 155, 156, 157, 161, 162, 163, 175, 176, 178, 179, 180, 181, 183, 184, 185, 186, 190, 191, 192, 195, 198, 199], "excluded_lines": []}, "": {"executed_lines": [1, 5, 6, 7, 8, 10, 13, 14, 16, 17, 18, 21, 22, 23, 26, 27, 29, 53, 66, 78, 97, 118, 136, 139, 144, 145, 147, 159, 165, 188, 194, 197, 202], "summary": {"covered_lines": 29, "num_statements": 50, "percent_covered": 58.0, "percent_covered_display": "58", "missing_lines": 21, "excluded_lines": 0}, "missing_lines": [15, 211, 213, 214, 216, 218, 219, 220, 222, 225, 233, 234, 235, 236, 237, 239, 240, 241, 242, 243, 244], "excluded_lines": []}}}, "src/voice_assistant/executors/__init__.py": {"executed_lines": [1, 3, 4, 5, 6, 8], "summary": {"covered_lines": 5, "num_statements": 5, "percent_covered": 100.0, "percent_covered_display": "100", "missing_lines": 0, "excluded_lines": 0}, "missing_lines": [], "excluded_lines": [], "functions": {"": {"executed_lines": [1, 3, 4, 5, 6, 8], "summary": {"covered_lines": 5, "num_statements": 5, "percent_covered": 100.0, "percent_covered_display": "100", "missing_lines": 0, "excluded_lines": 0}, "missing_lines": [], "excluded_lines": []}}, "classes": {"": {"executed_lines": [1, 3, 4, 5, 6, 8], "summary": {"covered_lines": 5, "num_statements": 5, "percent_covered": 100.0, "percent_covered_display": "100", "missing_lines": 0, "excluded_lines": 0}, "missing_lines": [], "excluded_lines": []}}}, "src/voice_assistant/executors/base.py": {"executed_lines": [1, 5, 6, 9, 10, 12, 13, 17, 18], "summary": {"covered_lines": 7, "num_statements": 9, "percent_covered": 77.77777777777777, "percent_covered_display": "78", "missing_lines": 2, "excluded_lines": 0}, "missing_lines": [15, 20], "excluded_lines": [], "functions": {"BaseExecutor.execute": {"executed_lines": [], "summary": {"covered_lines": 0, "num_statements": 1, "percent_covered": 0.0, "percent_covered_display": "0", "missing_lines": 1, "excluded_lines": 0}, "missing_lines": [15], "excluded_lines": []}, "BaseExecutor.can_handle": {"executed_lines": [], "summary": {"covered_lines": 0, "num_statements": 1, "percent_covered": 0.0, "percent_covered_display": "0", "missing_lines": 1, "excluded_lines": 0}, "missing_lines": [20], "excluded_lines": []}, "": {"executed_lines": [1, 5, 6, 9, 10, 12, 13, 17, 18], "summary": {"covered_lines": 7, "num_statements": 7, "percent_covered": 100.0, "percent_covered_display": "100", "missing_lines": 0, "excluded_lines": 0}, "missing_lines": [], "excluded_lines": []}}, "classes": {"BaseExecutor": {"executed_lines": [], "summary": {"covered_lines": 0, "num_statements": 2, "percent_covered": 0.0, "percent_covered_display": "0", "missing_lines": 2, "excluded_lines": 0}, "missing_lines": [15, 20], "excluded_lines": []}, "": {"executed_lines": [1, 5, 6, 9, 10, 12, 13, 17, 18], "summary": {"covered_lines": 7, "num_statements": 7, "percent_covered": 100.0, "percent_covered_display": "100", "missing_lines": 0, "excluded_lines": 0}, "missing_lines": [], "excluded_lines": []}}}, "src/voice_assistant/executors/chat.py": {"executed_lines": [1, 4, 5, 7, 8, 10, 13, 14, 16, 23, 24, 26, 32, 86, 99, 103], "summary": {"covered_lines": 14, "num_statements": 37, "percent_covered": 37.83783783783784, "percent_covered_display": "38", "missing_lines": 23, "excluded_lines": 0}, "missing_lines": [27, 49, 50, 52, 55, 56, 57, 60, 61, 64, 70, 72, 78, 79, 80, 89, 90, 91, 94, 95, 97, 101, 105], "excluded_lines": [], "functions": {"ChatExecutor.__init__": {"executed_lines": [23, 24], "summary": {"covered_lines": 2, "num_statements": 2, "percent_covered": 100.0, "percent_covered_display": "100", "missing_lines": 0, "excluded_lines": 0}, "missing_lines": [], "excluded_lines": []}, "ChatExecutor.can_handle": {"executed_lines": [], "summary": {"covered_lines": 0, "num_statements": 1, "percent_covered": 0.0, "percent_covered_display": "0", "missing_lines": 1, "excluded_lines": 0}, "missing_lines": [27], "excluded_lines": []}, "ChatExecutor.execute": {"executed_lines": [], "summary": {"covered_lines": 0, "num_statements": 14, "percent_covered": 0.0, "percent_covered_display": "0", "missing_lines": 14, "excluded_lines": 0}, "missing_lines": [49, 50, 52, 55, 56, 57, 60, 61, 64, 70, 72, 78, 79, 80], "excluded_lines": []}, "ChatExecutor._update_history": {"executed_lines": [], "summary": {"covered_lines": 0, "num_statements": 6, "percent_covered": 0.0, "percent_covered_display": "0", "missing_lines": 6, "excluded_lines": 0}, "missing_lines": [89, 90, 91, 94, 95, 97], "excluded_lines": []}, "ChatExecutor.clear_history": {"executed_lines": [], "summary": {"covered_lines": 0, "num_statements": 1, "percent_covered": 0.0, "percent_covered_display": "0", "missing_lines": 1, "excluded_lines": 0}, "missing_lines": [101], "excluded_lines": []}, "ChatExecutor.get_history": {"executed_lines": [], "summary": {"covered_lines": 0, "num_statements": 1, "percent_covered": 0.0, "percent_covered_display": "0", "missing_lines": 1, "excluded_lines": 0}, "missing_lines": [105], "excluded_lines": []}, "": {"executed_lines": [1, 4, 5, 7, 8, 10, 13, 14, 16, 26, 32, 86, 99, 103], "summary": {"covered_lines": 12, "num_statements": 12, "percent_covered": 100.0, "percent_covered_display": "100", "missing_lines": 0, "excluded_lines": 0}, "missing_lines": [], "excluded_lines": []}}, "classes": {"ChatExecutor": {"executed_lines": [23, 24], "summary": {"covered_lines": 2, "num_statements": 25, "percent_covered": 8.0, "percent_covered_display": "8", "missing_lines": 23, "excluded_lines": 0}, "missing_lines": [27, 49, 50, 52, 55, 56, 57, 60, 61, 64, 70, 72, 78, 79, 80, 89, 90, 91, 94, 95, 97, 101, 105], "excluded_lines": []}, "": {"executed_lines": [1, 4, 5, 7, 8, 10, 13, 14, 16, 26, 32, 86, 99, 103], "summary": {"covered_lines": 12, "num_statements": 12, "percent_covered": 100.0, "percent_covered_display": "100", "missing_lines": 0, "excluded_lines": 0}, "missing_lines": [], "excluded_lines": []}}}, "src/voice_assistant/executors/computer.py": {"executed_lines": [1, 4, 5, 7, 8, 10, 13, 14, 16, 24, 25, 26, 28, 38, 41, 70], "summary": {"covered_lines": 14, "num_statements": 28, "percent_covered": 50.0, "percent_covered_display": "50", "missing_lines": 14, "excluded_lines": 0}, "missing_lines": [30, 31, 32, 36, 39, 57, 59, 60, 61, 62, 63, 64, 72, 73], "excluded_lines": [], "functions": {"ComputerExecutor.__init__": {"executed_lines": [24, 25, 26], "summary": {"covered_lines": 3, "num_statements": 3, "percent_covered": 100.0, "percent_covered_display": "100", "missing_lines": 0, "excluded_lines": 0}, "missing_lines": [], "excluded_lines": []}, "ComputerExecutor._get_executor": {"executed_lines": [], "summary": {"covered_lines": 0, "num_statements": 4, "percent_covered": 0.0, "percent_covered_display": "0", "missing_lines": 4, "excluded_lines": 0}, "missing_lines": [30, 31, 32, 36], "excluded_lines": []}, "ComputerExecutor.can_handle": {"executed_lines": [], "summary": {"covered_lines": 0, "num_statements": 1, "percent_covered": 0.0, "percent_covered_display": "0", "missing_lines": 1, "excluded_lines": 0}, "missing_lines": [39], "excluded_lines": []}, "ComputerExecutor.execute": {"executed_lines": [], "summary": {"covered_lines": 0, "num_statements": 7, "percent_covered": 0.0, "percent_covered_display": "0", "missing_lines": 7, "excluded_lines": 0}, "missing_lines": [57, 59, 60, 61, 62, 63, 64], "excluded_lines": []}, "ComputerExecutor.reset": {"executed_lines": [], "summary": {"covered_lines": 0, "num_statements": 2, "percent_covered": 0.0, "percent_covered_display": "0", "missing_lines": 2, "excluded_lines": 0}, "missing_lines": [72, 73], "excluded_lines": []}, "": {"executed_lines": [1, 4, 5, 7, 8, 10, 13, 14, 16, 28, 38, 41, 70], "summary": {"covered_lines": 11, "num_statements": 11, "percent_covered": 100.0, "percent_covered_display": "100", "missing_lines": 0, "excluded_lines": 0}, "missing_lines": [], "excluded_lines": []}}, "classes": {"ComputerExecutor": {"executed_lines": [24, 25, 26], "summary": {"covered_lines": 3, "num_statements": 17, "percent_covered": 17.647058823529413, "percent_covered_display": "18", "missing_lines": 14, "excluded_lines": 0}, "missing_lines": [30, 31, 32, 36, 39, 57, 59, 60, 61, 62, 63, 64, 72, 73], "excluded_lines": []}, "": {"executed_lines": [1, 4, 5, 7, 8, 10, 13, 14, 16, 28, 38, 41, 70], "summary": {"covered_lines": 11, "num_statements": 11, "percent_covered": 100.0, "percent_covered_display": "100", "missing_lines": 0, "excluded_lines": 0}, "missing_lines": [], "excluded_lines": []}}}, "src/voice_assistant/executors/interpreter.py": {"executed_lines": [1, 6, 7, 8, 11, 12, 13, 15, 17, 20, 21, 23, 36, 72, 107, 156, 201, 208, 211], "summary": {"covered_lines": 17, "num_statements": 102, "percent_covered": 16.666666666666668, "percent_covered_display": "17", "missing_lines": 85, "excluded_lines": 0}, "missing_lines": [31, 32, 33, 34, 38, 39, 40, 41, 44, 45, 48, 50, 54, 58, 59, 60, 63, 64, 66, 67, 68, 70, 81, 85, 87, 88, 89, 90, 91, 92, 93, 94, 95, 96, 97, 98, 101, 102, 103, 104, 105, 122, 123, 124, 125, 127, 128, 131, 134, 136, 142, 143, 148, 149, 150, 167, 168, 171, 172, 173, 174, 175, 178, 179, 180, 181, 182, 183, 184, 185, 186, 187, 189, 190, 193, 194, 195, 196, 197, 199, 203, 204, 214, 215, 216], "excluded_lines": [], "functions": {"InterpreterExecutor.__init__": {"executed_lines": [], "summary": {"covered_lines": 0, "num_statements": 4, "percent_covered": 0.0, "percent_covered_display": "0", "missing_lines": 4, "excluded_lines": 0}, "missing_lines": [31, 32, 33, 34], "excluded_lines": []}, "InterpreterExecutor._get_interpreter": {"executed_lines": [], "summary": {"covered_lines": 0, "num_statements": 18, "percent_covered": 0.0, "percent_covered_display": "0", "missing_lines": 18, "excluded_lines": 0}, "missing_lines": [38, 39, 40, 41, 44, 45, 48, 50, 54, 58, 59, 60, 63, 64, 66, 67, 68, 70], "excluded_lines": []}, "InterpreterExecutor._configure_local_llm": {"executed_lines": [], "summary": {"covered_lines": 0, "num_statements": 19, "percent_covered": 0.0, "percent_covered_display": "0", "missing_lines": 19, "excluded_lines": 0}, "missing_lines": [81, 85, 87, 88, 89, 90, 91, 92, 93, 94, 95, 96, 97, 98, 101, 102, 103, 104, 105], "excluded_lines": []}, "InterpreterExecutor.execute": {"executed_lines": [], "summary": {"covered_lines": 0, "num_statements": 14, "percent_covered": 0.0, "percent_covered_display": "0", "missing_lines": 14, "excluded_lines": 0}, "missing_lines": [122, 123, 124, 125, 127, 128, 131, 134, 136, 142, 143, 148, 149, 150], "excluded_lines": []}, "InterpreterExecutor._extract_response": {"executed_lines": [], "summary": {"covered_lines": 0, "num_statements": 25, "percent_covered": 0.0, "percent_covered_display": "0", "missing_lines": 25, "excluded_lines": 0}, "missing_lines": [167, 168, 171, 172, 173, 174, 175, 178, 179, 180, 181, 182, 183, 184, 185, 186, 187, 189, 190, 193, 194, 195, 196, 197, 199], "excluded_lines": []}, "InterpreterExecutor.reset": {"executed_lines": [], "summary": {"covered_lines": 0, "num_statements": 2, "percent_covered": 0.0, "percent_covered_display": "0", "missing_lines": 2, "excluded_lines": 0}, "missing_lines": [203, 204], "excluded_lines": []}, "get_executor": {"executed_lines": [], "summary": {"covered_lines": 0, "num_statements": 3, "percent_covered": 0.0, "percent_covered_display": "0", "missing_lines": 3, "excluded_lines": 0}, "missing_lines": [214, 215, 216], "excluded_lines": []}, "": {"executed_lines": [1, 6, 7, 8, 11, 12, 13, 15, 17, 20, 21, 23, 36, 72, 107, 156, 201, 208, 211], "summary": {"covered_lines": 17, "num_statements": 17, "percent_covered": 100.0, "percent_covered_display": "100", "missing_lines": 0, "excluded_lines": 0}, "missing_lines": [], "excluded_lines": []}}, "classes": {"InterpreterExecutor": {"executed_lines": [], "summary": {"covered_lines": 0, "num_statements": 82, "percent_covered": 0.0, "percent_covered_display": "0", "missing_lines": 82, "excluded_lines": 0}, "missing_lines": [31, 32, 33, 34, 38, 39, 40, 41, 44, 45, 48, 50, 54, 58, 59, 60, 63, 64, 66, 67, 68, 70, 81, 85, 87, 88, 89, 90, 91, 92, 93, 94, 95, 96, 97, 98, 101, 102, 103, 104, 105, 122, 123, 124, 125, 127, 128, 131, 134, 136, 142, 143, 148, 149, 150, 167, 168, 171, 172, 173, 174, 175, 178, 179, 180, 181, 182, 183, 184, 185, 186, 187, 189, 190, 193, 194, 195, 196, 197, 199, 203, 204], "excluded_lines": []}, "": {"executed_lines": [1, 6, 7, 8, 11, 12, 13, 15, 17, 20, 21, 23, 36, 72, 107, 156, 201, 208, 211], "summary": {"covered_lines": 17, "num_statements": 20, "percent_covered": 85.0, "percent_covered_display": "85", "missing_lines": 3, "excluded_lines": 0}, "missing_lines": [214, 215, 216], "excluded_lines": []}}}, "src/voice_assistant/main.py": {"executed_lines": [1, 6, 7, 9, 10, 11, 12, 13, 14, 15, 18, 19, 20, 21, 24, 28, 31, 35, 38, 41, 44, 47, 69, 74, 93, 119, 225], "summary": {"covered_lines": 26, "num_statements": 148, "percent_covered": 17.56756756756757, "percent_covered_display": "18", "missing_lines": 122, "excluded_lines": 0}, "missing_lines": [50, 55, 57, 58, 59, 60, 61, 62, 65, 66, 71, 76, 77, 79, 81, 82, 83, 84, 86, 87, 88, 89, 90, 95, 96, 97, 99, 100, 102, 103, 105, 106, 107, 108, 109, 110, 111, 113, 114, 115, 116, 122, 123, 124, 125, 126, 127, 128, 129, 130, 131, 132, 133, 134, 135, 136, 137, 140, 143, 144, 145, 147, 149, 150, 151, 152, 153, 154, 155, 156, 157, 158, 159, 160, 161, 162, 163, 164, 166, 167, 168, 169, 170, 171, 172, 173, 174, 175, 177, 178, 180, 181, 183, 184, 185, 187, 189, 190, 191, 192, 193, 195, 196, 198, 199, 200, 202, 203, 205, 206, 207, 208, 209, 211, 212, 215, 216, 218, 220, 221, 222, 226], "excluded_lines": [], "functions": {"toggle_llm_mode": {"executed_lines": [], "summary": {"covered_lines": 0, "num_statements": 10, "percent_covered": 0.0, "percent_covered_display": "0", "missing_lines": 10, "excluded_lines": 0}, "missing_lines": [50, 55, 57, 58, 59, 60, 61, 62, 65, 66], "excluded_lines": []}, "get_llm_mode": {"executed_lines": [], "summary": {"covered_lines": 0, "num_statements": 1, "percent_covered": 0.0, "percent_covered_display": "0", "missing_lines": 1, "excluded_lines": 0}, "missing_lines": [71], "excluded_lines": []}, "recognize": {"executed_lines": [], "summary": {"covered_lines": 0, "num_statements": 12, "percent_covered": 0.0, "percent_covered_display": "0", "missing_lines": 12, "excluded_lines": 0}, "missing_lines": [76, 77, 79, 81, 82, 83, 84, 86, 87, 88, 89, 90], "excluded_lines": []}, "speak_and_play": {"executed_lines": [], "summary": {"covered_lines": 0, "num_statements": 18, "percent_covered": 0.0, "percent_covered_display": "0", "missing_lines": 18, "excluded_lines": 0}, "missing_lines": [95, 96, 97, 99, 100, 102, 103, 105, 106, 107, 108, 109, 110, 111, 113, 114, 115, 116], "excluded_lines": []}, "main": {"executed_lines": [], "summary": {"covered_lines": 0, "num_statements": 80, "percent_covered": 0.0, "percent_covered_display": "0", "missing_lines": 80, "excluded_lines": 0}, "missing_lines": [122, 123, 124, 125, 126, 127, 128, 129, 130, 131, 132, 133, 134, 135, 136, 137, 140, 143, 144, 145, 147, 149, 150, 151, 152, 153, 154, 155, 156, 157, 158, 159, 160, 161, 162, 163, 164, 166, 167, 168, 169, 170, 171, 172, 173, 174, 175, 177, 178, 180, 181, 183, 184, 185, 187, 189, 190, 191, 192, 193, 195, 196, 198, 199, 200, 202, 203, 205, 206, 207, 208, 209, 211, 212, 215, 216, 218, 220, 221, 222], "excluded_lines": []}, "": {"executed_lines": [1, 6, 7, 9, 10, 11, 12, 13, 14, 15, 18, 19, 20, 21, 24, 28, 31, 35, 38, 41, 44, 47, 69, 74, 93, 119, 225], "summary": {"covered_lines": 26, "num_statements": 27, "percent_covered": 96.29629629629629, "percent_covered_display": "96", "missing_lines": 1, "excluded_lines": 0}, "missing_lines": [226], "excluded_lines": []}}, "classes": {"": {"executed_lines": [1, 6, 7, 9, 10, 11, 12, 13, 14, 15, 18, 19, 20, 21, 24, 28, 31, 35, 38, 41, 44, 47, 69, 74, 93, 119, 225], "summary": {"covered_lines": 26, "num_statements": 148, "percent_covered": 17.56756756756757, "percent_covered_display": "18", "missing_lines": 122, "excluded_lines": 0}, "missing_lines": [50, 55, 57, 58, 59, 60, 61, 62, 65, 66, 71, 76, 77, 79, 81, 82, 83, 84, 86, 87, 88, 89, 90, 95, 96, 97, 99, 100, 102, 103, 105, 106, 107, 108, 109, 110, 111, 113, 114, 115, 116, 122, 123, 124, 125, 126, 127, 128, 129, 130, 131, 132, 133, 134, 135, 136, 137, 140, 143, 144, 145, 147, 149, 150, 151, 152, 153, 154, 155, 156, 157, 158, 159, 160, 161, 162, 163, 164, 166, 167, 168, 169, 170, 171, 172, 173, 174, 175, 177, 178, 180, 181, 183, 184, 185, 187, 189, 190, 191, 192, 193, 195, 196, 198, 199, 200, 202, 203, 205, 206, 207, 208, 209, 211, 212, 215, 216, 218, 220, 221, 222, 226], "excluded_lines": []}}}, "src/voice_assistant/model/__init__.py": {"executed_lines": [1, 3, 5], "summary": {"covered_lines": 2, "num_statements": 2, "percent_covered": 100.0, "percent_covered_display": "100", "missing_lines": 0, "excluded_lines": 0}, "missing_lines": [], "excluded_lines": [], "functions": {"": {"executed_lines": [1, 3, 5], "summary": {"covered_lines": 2, "num_statements": 2, "percent_covered": 100.0, "percent_covered_display": "100", "missing_lines": 0, "excluded_lines": 0}, "missing_lines": [], "excluded_lines": []}}, "classes": {"": {"executed_lines": [1, 3, 5], "summary": {"covered_lines": 2, "num_statements": 2, "percent_covered": 100.0, "percent_covered_display": "100", "missing_lines": 0, "excluded_lines": 0}, "missing_lines": [], "excluded_lines": []}}}, "src/voice_assistant/model/intent.py": {"executed_lines": [1, 5, 6, 7, 10, 11, 12, 13, 14, 17, 18, 19, 20, 21, 22, 23, 26, 27], "summary": {"covered_lines": 15, "num_statements": 15, "percent_covered": 100.0, "percent_covered_display": "100", "missing_lines": 0, "excluded_lines": 0}, "missing_lines": [], "excluded_lines": [], "functions": {"": {"executed_lines": [1, 5, 6, 7, 10, 11, 12, 13, 14, 17, 18, 19, 20, 21, 22, 23, 26, 27], "summary": {"covered_lines": 15, "num_statements": 15, "percent_covered": 100.0, "percent_covered_display": "100", "missing_lines": 0, "excluded_lines": 0}, "missing_lines": [], "excluded_lines": []}}, "classes": {"IntentType": {"executed_lines": [], "summary": {"covered_lines": 0, "num_statements": 0, "percent_covered": 100.0, "percent_covered_display": "100", "missing_lines": 0, "excluded_lines": 0}, "missing_lines": [], "excluded_lines": []}, "Intent": {"executed_lines": [], "summary": {"covered_lines": 0, "num_statements": 0, "percent_covered": 100.0, "percent_covered_display": "100", "missing_lines": 0, "excluded_lines": 0}, "missing_lines": [], "excluded_lines": []}, "": {"executed_lines": [1, 5, 6, 7, 10, 11, 12, 13, 14, 17, 18, 19, 20, 21, 22, 23, 26, 27], "summary": {"covered_lines": 15, "num_statements": 15, "percent_covered": 100.0, "percent_covered_display": "100", "missing_lines": 0, "excluded_lines": 0}, "missing_lines": [], "excluded_lines": []}}}, "src/voice_assistant/security/__init__.py": {"executed_lines": [1, 3, 12], "summary": {"covered_lines": 2, "num_statements": 2, "percent_covered": 100.0, "percent_covered_display": "100", "missing_lines": 0, "excluded_lines": 0}, "missing_lines": [], "excluded_lines": [], "functions": {"": {"executed_lines": [1, 3, 12], "summary": {"covered_lines": 2, "num_statements": 2, "percent_covered": 100.0, "percent_covered_display": "100", "missing_lines": 0, "excluded_lines": 0}, "missing_lines": [], "excluded_lines": []}}, "classes": {"": {"executed_lines": [1, 3, 12], "summary": {"covered_lines": 2, "num_statements": 2, "percent_covered": 100.0, "percent_covered_display": "100", "missing_lines": 0, "excluded_lines": 0}, "missing_lines": [], "excluded_lines": []}}}, "src/voice_assistant/security/validation.py": {"executed_lines": [1, 5, 6, 7, 10, 11, 12, 13, 16, 17, 18, 21, 22, 23, 26, 27, 28, 31, 44, 45, 47, 48, 51, 53, 56, 69, 70, 72, 75, 78, 93, 95, 96, 97, 98, 101, 103, 104, 105, 109, 110, 112, 114, 117, 118, 120, 127, 128, 129, 131, 137, 138, 140, 141, 142, 146, 148, 149, 157, 158], "summary": {"covered_lines": 55, "num_statements": 59, "percent_covered": 93.22033898305085, "percent_covered_display": "93", "missing_lines": 4, "excluded_lines": 1}, "missing_lines": [73, 151, 152, 153], "excluded_lines": [79], "functions": {"validate_text_input": {"executed_lines": [44, 45, 47, 48, 51, 53], "summary": {"covered_lines": 6, "num_statements": 6, "percent_covered": 100.0, "percent_covered_display": "100", "missing_lines": 0, "excluded_lines": 0}, "missing_lines": [], "excluded_lines": []}, "validate_audio_input": {"executed_lines": [69, 70, 72, 75], "summary": {"covered_lines": 4, "num_statements": 5, "percent_covered": 80.0, "percent_covered_display": "80", "missing_lines": 1, "excluded_lines": 0}, "missing_lines": [73], "excluded_lines": []}, "rate_limit": {"executed_lines": [93, 95, 96, 114], "summary": {"covered_lines": 4, "num_statements": 4, "percent_covered": 100.0, "percent_covered_display": "100", "missing_lines": 0, "excluded_lines": 1}, "missing_lines": [], "excluded_lines": [79]}, "rate_limit.decorator": {"executed_lines": [97, 112], "summary": {"covered_lines": 2, "num_statements": 2, "percent_covered": 100.0, "percent_covered_display": "100", "missing_lines": 0, "excluded_lines": 0}, "missing_lines": [], "excluded_lines": []}, "rate_limit.decorator.wrapper": {"executed_lines": [98, 101, 103, 104, 105, 109, 110], "summary": {"covered_lines": 7, "num_statements": 7, "percent_covered": 100.0, "percent_covered_display": "100", "missing_lines": 0, "excluded_lines": 0}, "missing_lines": [], "excluded_lines": []}, "RateLimiter.__init__": {"executed_lines": [127, 128, 129], "summary": {"covered_lines": 3, "num_statements": 3, "percent_covered": 100.0, "percent_covered_display": "100", "missing_lines": 0, "excluded_lines": 0}, "missing_lines": [], "excluded_lines": []}, "RateLimiter.check": {"executed_lines": [137, 138, 140, 141, 142, 146], "summary": {"covered_lines": 6, "num_statements": 6, "percent_covered": 100.0, "percent_covered_display": "100", "missing_lines": 0, "excluded_lines": 0}, "missing_lines": [], "excluded_lines": []}, "RateLimiter.remaining": {"executed_lines": [], "summary": {"covered_lines": 0, "num_statements": 3, "percent_covered": 0.0, "percent_covered_display": "0", "missing_lines": 3, "excluded_lines": 0}, "missing_lines": [151, 152, 153], "excluded_lines": []}, "": {"executed_lines": [1, 5, 6, 7, 10, 11, 12, 13, 16, 17, 18, 21, 22, 23, 26, 27, 28, 31, 56, 78, 117, 118, 120, 131, 148, 149, 157, 158], "summary": {"covered_lines": 23, "num_statements": 23, "percent_covered": 100.0, "percent_covered_display": "100", "missing_lines": 0, "excluded_lines": 0}, "missing_lines": [], "excluded_lines": []}}, "classes": {"SecurityError": {"executed_lines": [], "summary": {"covered_lines": 0, "num_statements": 0, "percent_covered": 100.0, "percent_covered_display": "100", "missing_lines": 0, "excluded_lines": 0}, "missing_lines": [], "excluded_lines": []}, "RateLimitError": {"executed_lines": [], "summary": {"covered_lines": 0, "num_statements": 0, "percent_covered": 100.0, "percent_covered_display": "100", "missing_lines": 0, "excluded_lines": 0}, "missing_lines": [], "excluded_lines": []}, "InputValidationError": {"executed_lines": [], "summary": {"covered_lines": 0, "num_statements": 0, "percent_covered": 100.0, "percent_covered_display": "100", "missing_lines": 0, "excluded_lines": 0}, "missing_lines": [], "excluded_lines": []}, "RateLimiter": {"executed_lines": [127, 128, 129, 137, 138, 140, 141, 142, 146], "summary": {"covered_lines": 9, "num_statements": 12, "percent_covered": 75.0, "percent_covered_display": "75", "missing_lines": 3, "excluded_lines": 0}, "missing_lines": [151, 152, 153], "excluded_lines": []}, "": {"executed_lines": [1, 5, 6, 7, 10, 11, 12, 13, 16, 17, 18, 21, 22, 23, 26, 27, 28, 31, 44, 45, 47, 48, 51, 53, 56, 69, 70, 72, 75, 78, 93, 95, 96, 97, 98, 101, 103, 104, 105, 109, 110, 112, 114, 117, 118, 120, 131, 148, 149, 157, 158], "summary": {"covered_lines": 46, "num_statements": 47, "percent_covered": 97.87234042553192, "percent_covered_display": "98", "missing_lines": 1, "excluded_lines": 1}, "missing_lines": [73], "excluded_lines": [79]}}}, "src/voice_assistant/services/__init__.py": {"executed_lines": [1, 3, 5], "summary": {"covered_lines": 2, "num_statements": 2, "percent_covered": 100.0, "percent_covered_display": "100", "missing_lines": 0, "excluded_lines": 0}, "missing_lines": [], "excluded_lines": [], "functions": {"": {"executed_lines": [1, 3, 5], "summary": {"covered_lines": 2, "num_statements": 2, "percent_covered": 100.0, "percent_covered_display": "100", "missing_lines": 0, "excluded_lines": 0}, "missing_lines": [], "excluded_lines": []}}, "classes": {"": {"executed_lines": [1, 3, 5], "summary": {"covered_lines": 2, "num_statements": 2, "percent_covered": 100.0, "percent_covered_display": "100", "missing_lines": 0, "excluded_lines": 0}, "missing_lines": [], "excluded_lines": []}}}, "src/voice_assistant/services/router.py": {"executed_lines": [1, 5, 6, 8, 9, 11, 14, 15, 17, 24, 26, 46, 57], "summary": {"covered_lines": 11, "num_statements": 29, "percent_covered": 37.93103448275862, "percent_covered_display": "38", "missing_lines": 18, "excluded_lines": 0}, "missing_lines": [37, 38, 39, 40, 43, 44, 48, 50, 51, 52, 54, 68, 74, 75, 76, 83, 84, 91], "excluded_lines": [], "functions": {"CommandRouter.__init__": {"executed_lines": [24], "summary": {"covered_lines": 1, "num_statements": 1, "percent_covered": 100.0, "percent_covered_display": "100", "missing_lines": 0, "excluded_lines": 0}, "missing_lines": [], "excluded_lines": []}, "CommandRouter.route": {"executed_lines": [], "summary": {"covered_lines": 0, "num_statements": 6, "percent_covered": 0.0, "percent_covered_display": "0", "missing_lines": 6, "excluded_lines": 0}, "missing_lines": [37, 38, 39, 40, 43, 44], "excluded_lines": []}, "CommandRouter._build_kwargs": {"executed_lines": [], "summary": {"covered_lines": 0, "num_statements": 5, "percent_covered": 0.0, "percent_covered_display": "0", "missing_lines": 5, "excluded_lines": 0}, "missing_lines": [48, 50, 51, 52, 54], "excluded_lines": []}, "simple_classify_intent": {"executed_lines": [], "summary": {"covered_lines": 0, "num_statements": 7, "percent_covered": 0.0, "percent_covered_display": "0", "missing_lines": 7, "excluded_lines": 0}, "missing_lines": [68, 74, 75, 76, 83, 84, 91], "excluded_lines": []}, "": {"executed_lines": [1, 5, 6, 8, 9, 11, 14, 15, 17, 26, 46, 57], "summary": {"covered_lines": 10, "num_statements": 10, "percent_covered": 100.0, "percent_covered_display": "100", "missing_lines": 0, "excluded_lines": 0}, "missing_lines": [], "excluded_lines": []}}, "classes": {"CommandRouter": {"executed_lines": [24], "summary": {"covered_lines": 1, "num_statements": 12, "percent_covered": 8.333333333333334, "percent_covered_display": "8", "missing_lines": 11, "excluded_lines": 0}, "missing_lines": [37, 38, 39, 40, 43, 44, 48, 50, 51, 52, 54], "excluded_lines": []}, "": {"executed_lines": [1, 5, 6, 8, 9, 11, 14, 15, 17, 26, 46, 57], "summary": {"covered_lines": 10, "num_statements": 17, "percent_covered": 58.8235294117647, "percent_covered_display": "59", "missing_lines": 7, "excluded_lines": 0}, "missing_lines": [68, 74, 75, 76, 83, 84, 91], "excluded_lines": []}}}}, "totals": {"covered_lines": 471, "num_statements": 1077, "percent_covered": 43.73259052924791, "percent_covered_display": "44", "missing_lines": 606, "excluded_lines": 1}}